<?xml version="1.0" encoding="UTF-8"?>
<!-- Generated by org.testng.reporters.JUnitReportReporter -->
<testsuite hostname="DESKTOP-GJG41J3" failures="0" tests="1" name="com.api.tests.SignUpTest" time="1.655" errors="0" timestamp="2 Jan 2025 18:18:59 GMT">
  <testcase classname="com.api.tests.SignUpTest" name="SignUpTestAccountCreationTest" time="1.655"/>
</testsuite> <!-- com.api.tests.SignUpTest -->
