<?xml version="1.0" encoding="UTF-8"?>
<!-- Generated by org.testng.reporters.JUnitReportReporter -->
<testsuite hostname="DESKTOP-GJG41J3" failures="0" tests="1" name="com.api.tests.getProfileRequestTest" time="4.662" errors="0" timestamp="3 Jan 2025 03:26:49 GMT">
  <testcase classname="com.api.tests.getProfileRequestTest" name="getProfileRequestTest" time="4.662"/>
</testsuite> <!-- com.api.tests.getProfileRequestTest -->
