<?xml version="1.0" encoding="UTF-8"?>
<!-- Generated by org.testng.reporters.JUnitReportReporter -->
<testsuite hostname="DESKTOP-GJG41J3" failures="0" tests="1" name="com.api.tests.UpdateProfileTest" time="2.445" errors="0" timestamp="3 Jan 2025 17:05:17 GMT">
  <testcase classname="com.api.tests.UpdateProfileTest" name="updateProfileTest" time="2.445"/>
</testsuite> <!-- com.api.tests.UpdateProfileTest -->
