<?xml version="1.0" encoding="UTF-8"?>
<!-- Generated by org.testng.reporters.JUnitReportReporter -->
<testsuite hostname="DESKTOP-GJG41J3" failures="0" tests="1" name="com.api.tests.Test1" time="3.411" errors="0" timestamp="2 Jan 2025 17:10:25 GMT">
  <testcase classname="com.api.tests.Test1" name="loginTest" time="3.411"/>
</testsuite> <!-- com.api.tests.Test1 -->
