<?xml version="1.0" encoding="UTF-8"?>
<!-- Generated by org.testng.reporters.JUnitReportReporter -->
<testsuite hostname="DESKTOP-GJG41J3" failures="0" tests="1" name="com.api.tests.ForgotPasswordTest" time="3.485" errors="0" timestamp="3 Jan 2025 02:12:10 GMT">
  <testcase classname="com.api.tests.ForgotPasswordTest" name="forgotPassword" time="3.485"/>
</testsuite> <!-- com.api.tests.ForgotPasswordTest -->
