<?xml version="1.0" encoding="UTF-8"?>
<!-- Generated by org.testng.reporters.JUnitReportReporter -->
<testsuite hostname="DESKTOP-GJG41J3" failures="0" tests="1" name="com.api.tests.LoginTest" time="4.666" errors="0" timestamp="4 Jan 2025 05:30:11 GMT">
  <testcase classname="com.api.tests.LoginTest" name="loginTest" time="4.666"/>
</testsuite> <!-- com.api.tests.LoginTest -->
