<?xml version="1.0" encoding="UTF-8"?>
<!-- Generated by org.testng.reporters.JUnitReportReporter -->
<testsuite hostname="DESKTOP-GJG41J3" failures="0" tests="1" name="com.api.tests.SignUpTest" time="2.014" errors="0" timestamp="3 Jan 2025 02:11:27 GMT">
  <testcase classname="com.api.tests.SignUpTest" name="SignUpTestAccountCreationTest" time="2.014"/>
</testsuite> <!-- com.api.tests.SignUpTest -->
